[18:44:11.713][info] [#0:/home/rek/workspace/nvim-collection/nvim/mason/packages/lua-language-server/libexec/main.lua:66]: Lua Lsp startup, root: 	/home/rek/workspace/nvim-collection/nvim/mason/packages/lua-language-server/libexec
[18:44:11.714][info] [#0:/home/rek/workspace/nvim-collection/nvim/mason/packages/lua-language-server/libexec/main.lua:67]: ROOT:	/home/rek/workspace/nvim-collection/nvim/mason/packages/lua-language-server/libexec
[18:44:11.714][info] [#0:/home/rek/workspace/nvim-collection/nvim/mason/packages/lua-language-server/libexec/main.lua:68]: LOGPATH:	/home/rek/workspace/nvim-collection/nvim/mason/packages/lua-language-server/libexec/log
[18:44:11.714][info] [#0:/home/rek/workspace/nvim-collection/nvim/mason/packages/lua-language-server/libexec/main.lua:69]: METAPATH:	/home/rek/workspace/nvim-collection/nvim/mason/packages/lua-language-server/libexec/meta
[18:44:11.714][info] [#0:/home/rek/workspace/nvim-collection/nvim/mason/packages/lua-language-server/libexec/main.lua:70]: VERSION:	3.6.19
[18:44:11.765][info] [#0:script/service/service.lua:144]: 
========= Medical Examination Report =========
    --------------- Memory ---------------
        Total: 2.116 MB
        # 00 : 2.116 MB
        # 01 : 0.000 MB
        # 02 : 0.000 MB
        # 03 : 0.000 MB
        # 04 : 0.000 MB
    --------------- Coroutine ---------------
        Total:     0
        Running:   0
        Suspended: 0
        Normal:    0
        Dead:      0
    --------------- Cache ---------------
        Total: 1
        Dead:  0
    ---------------  RPC  ---------------
        Holdon:   0
        Waiting:  0
==============================================
[18:44:11.772][info] [#0:script/client.lua:657]: Client init	{
  capabilities = {
    textDocument = {
      callHierarchy = {
        dynamicRegistration = false
      },
      codeAction = {
        codeActionLiteralSupport = {
          codeActionKind = {
            valueSet = { "", "quickfix", "refactor", "refactor.extract", "refactor.inline", "refactor.rewrite", "source", "source.organizeImports" }
          }
        },
        dataSupport = true,
        dynamicRegistration = false,
        isPreferredSupport = true,
        resolveSupport = {
          properties = { "edit" }
        }
      },
      completion = {
        completionItem = {
          commitCharactersSupport = true,
          deprecatedSupport = true,
          documentationFormat = { "markdown", "plaintext" },
          insertReplaceSupport = true,
          insertTextModeSupport = {
            valueSet = { 1, 2 }
          },
          labelDetailsSupport = true,
          preselectSupport = true,
          resolveSupport = {
            properties = { "documentation", "detail", "additionalTextEdits" }
          },
          snippetSupport = true,
          tagSupport = {
            valueSet = { 1 }
          }
        },
        completionItemKind = {
          valueSet = { 1, 2, 3, 4, 5, 6, 7, 8, 9, 10, 11, 12, 13, 14, 15, 16, 17, 18, 19, 20, 21, 22, 23, 24, 25 }
        },
        completionList = {
          itemDefaults = { "commitCharacters", "editRange", "insertTextFormat", "insertTextMode", "data" }
        },
        contextSupport = true,
        dynamicRegistration = false,
        insertTextMode = 1
      },
      declaration = {
        linkSupport = true
      },
      definition = {
        linkSupport = true
      },
      documentHighlight = {
        dynamicRegistration = false
      },
      documentSymbol = {
        dynamicRegistration = false,
        hierarchicalDocumentSymbolSupport = true,
        symbolKind = {
          valueSet = { 1, 2, 3, 4, 5, 6, 7, 8, 9, 10, 11, 12, 13, 14, 15, 16, 17, 18, 19, 20, 21, 22, 23, 24, 25, 26 }
        }
      },
      hover = {
        contentFormat = { "markdown", "plaintext" },
        dynamicRegistration = false
      },
      implementation = {
        linkSupport = true
      },
      publishDiagnostics = {
        relatedInformation = true,
        tagSupport = {
          valueSet = { 1, 2 }
        }
      },
      references = {
        dynamicRegistration = false
      },
      rename = {
        dynamicRegistration = false,
        prepareSupport = true
      },
      semanticTokens = {
        augmentsSyntaxTokens = true,
        dynamicRegistration = false,
        formats = { "relative" },
        multilineTokenSupport = false,
        overlappingTokenSupport = true,
        requests = {
          full = {
            delta = true
          },
          range = false
        },
        serverCancelSupport = false,
        tokenModifiers = { "declaration", "definition", "readonly", "static", "deprecated", "abstract", "async", "modification", "documentation", "defaultLibrary" },
        tokenTypes = { "namespace", "type", "class", "enum", "interface", "struct", "typeParameter", "parameter", "variable", "property", "enumMember", "event", "function", "method", "macro", "keyword", "modifier", "comment", "string", "number", "regexp", "operator", "decorator" }
      },
      signatureHelp = {
        dynamicRegistration = false,
        signatureInformation = {
          activeParameterSupport = true,
          documentationFormat = { "markdown", "plaintext" },
          parameterInformation = {
            labelOffsetSupport = true
          }
        }
      },
      synchronization = {
        didSave = true,
        dynamicRegistration = false,
        willSave = true,
        willSaveWaitUntil = true
      },
      typeDefinition = {
        linkSupport = true
      }
    },
    window = {
      showDocument = {
        support = true
      },
      showMessage = {
        messageActionItem = {
          additionalPropertiesSupport = false
        }
      },
      workDoneProgress = true
    },
    workspace = {
      applyEdit = true,
      configuration = true,
      didChangeWatchedFiles = {
        dynamicRegistration = false,
        relativePatternSupport = true
      },
      semanticTokens = {
        refreshSupport = true
      },
      symbol = {
        dynamicRegistration = false,
        hierarchicalWorkspaceSymbolSupport = true,
        symbolKind = {
          valueSet = { 1, 2, 3, 4, 5, 6, 7, 8, 9, 10, 11, 12, 13, 14, 15, 16, 17, 18, 19, 20, 21, 22, 23, 24, 25, 26 }
        }
      },
      workspaceEdit = {
        resourceOperations = { "rename", "create", "delete" }
      },
      workspaceFolders = true
    }
  },
  clientInfo = {
    name = "Neovim",
    version = "0.9.0"
  },
  initializationOptions = {},
  processId = 22308,
  rootPath = "/home/rek/workspace/nvim-collection/nvim/lua/",
  rootUri = "file:///home/rek/workspace/nvim-collection/nvim/lua/",
  trace = "off",
  workspaceFolders = { {
      name = "/home/rek/workspace/nvim-collection/nvim/lua/",
      uri = "file:///home/rek/workspace/nvim-collection/nvim/lua/"
    } }
}
[18:44:11.772][info] [#0:script/language.lua:137]: VSC language: nil
[18:44:11.772][info] [#0:script/language.lua:138]: LS  language: en-us
[18:44:11.772][info] [#0:script/workspace/workspace.lua:38]: Workspace init root: 	file:///home/rek/workspace/nvim-collection/nvim/lua/
[18:44:11.772][info] [#0:script/workspace/workspace.lua:42]: Log path: 	/home/rek/workspace/nvim-collection/nvim/mason/packages/lua-language-server/libexec/log/file_home_rek_workspace_nvim-collection_nvim_lua_.log
[18:44:11.773][info] [#0:script/workspace/workspace.lua:48]: Workspace create: 	file:///home/rek/workspace/nvim-collection/nvim/lua/
[18:44:11.875][info] [#0:script/provider/provider.lua:46]: Load config from client	file:///home/rek/workspace/nvim-collection/nvim/lua/
[18:44:11.875][info] [#0:script/provider/provider.lua:47]: {
  Lua = {
    diagnostics = {
      globals = { "vim" }
    },
    runtime = {
      path = { "./?.lua", "/home/rek/workspace/neovim/.deps/usr/share/luajit-2.1.0-beta3/?.lua", "/usr/local/share/lua/5.1/?.lua", "/usr/local/share/lua/5.1/?/init.lua", "/home/rek/workspace/neovim/.deps/usr/share/lua/5.1/?.lua", "/home/rek/workspace/neovim/.deps/usr/share/lua/5.1/?/init.lua", "/home/rek/.cache/nvim/packer_hererocks/2.1.0-beta3/share/lua/5.1/?.lua", "/home/rek/.cache/nvim/packer_hererocks/2.1.0-beta3/share/lua/5.1/?/init.lua", "/home/rek/.cache/nvim/packer_hererocks/2.1.0-beta3/lib/luarocks/rocks-5.1/?.lua", "/home/rek/.cache/nvim/packer_hererocks/2.1.0-beta3/lib/luarocks/rocks-5.1/?/init.lua", "lua/?.lua", "lua/?/init.lua" },
      version = "LuaJIT"
    },
    telemetry = {
      enable = false
    },
    workspace = {
      checkThirdParty = false,
      library = { "/home/rek/neovim/share/nvim/runtime/lua", "/home/rek/workspace/nvim-collection/nvim/lua" }
    }
  }
}
[18:44:11.876][info] [#0:script/provider/provider.lua:46]: Load config from client	file:///home/rek/workspace/nvim-collection/nvim/lua/
[18:44:11.876][info] [#0:script/provider/provider.lua:47]: {
  Lua = {
    diagnostics = {
      globals = { "vim" }
    },
    runtime = {
      path = { "./?.lua", "/home/rek/workspace/neovim/.deps/usr/share/luajit-2.1.0-beta3/?.lua", "/usr/local/share/lua/5.1/?.lua", "/usr/local/share/lua/5.1/?/init.lua", "/home/rek/workspace/neovim/.deps/usr/share/lua/5.1/?.lua", "/home/rek/workspace/neovim/.deps/usr/share/lua/5.1/?/init.lua", "/home/rek/.cache/nvim/packer_hererocks/2.1.0-beta3/share/lua/5.1/?.lua", "/home/rek/.cache/nvim/packer_hererocks/2.1.0-beta3/share/lua/5.1/?/init.lua", "/home/rek/.cache/nvim/packer_hererocks/2.1.0-beta3/lib/luarocks/rocks-5.1/?.lua", "/home/rek/.cache/nvim/packer_hererocks/2.1.0-beta3/lib/luarocks/rocks-5.1/?/init.lua", "lua/?.lua", "lua/?/init.lua" },
      version = "LuaJIT"
    },
    telemetry = {
      enable = false
    },
    workspace = {
      checkThirdParty = false,
      library = { "/home/rek/neovim/share/nvim/runtime/lua", "/home/rek/workspace/nvim-collection/nvim/lua" }
    }
  }
}
[18:44:11.876][info] [#0:script/provider/provider.lua:46]: Load config from client	file:///home/rek/workspace/nvim-collection/nvim/lua/
[18:44:11.876][info] [#0:script/provider/provider.lua:47]: {
  Lua = {
    diagnostics = {
      globals = { "vim" }
    },
    runtime = {
      path = { "./?.lua", "/home/rek/workspace/neovim/.deps/usr/share/luajit-2.1.0-beta3/?.lua", "/usr/local/share/lua/5.1/?.lua", "/usr/local/share/lua/5.1/?/init.lua", "/home/rek/workspace/neovim/.deps/usr/share/lua/5.1/?.lua", "/home/rek/workspace/neovim/.deps/usr/share/lua/5.1/?/init.lua", "/home/rek/.cache/nvim/packer_hererocks/2.1.0-beta3/share/lua/5.1/?.lua", "/home/rek/.cache/nvim/packer_hererocks/2.1.0-beta3/share/lua/5.1/?/init.lua", "/home/rek/.cache/nvim/packer_hererocks/2.1.0-beta3/lib/luarocks/rocks-5.1/?.lua", "/home/rek/.cache/nvim/packer_hererocks/2.1.0-beta3/lib/luarocks/rocks-5.1/?/init.lua", "lua/?.lua", "lua/?/init.lua" },
      version = "LuaJIT"
    },
    telemetry = {
      enable = false
    },
    workspace = {
      checkThirdParty = false,
      library = { "/home/rek/neovim/share/nvim/runtime/lua", "/home/rek/workspace/nvim-collection/nvim/lua" }
    }
  }
}
[18:44:11.877][info] [#0:script/provider/provider.lua:61]: Load config from client	fallback
[18:44:11.877][info] [#0:script/provider/provider.lua:62]: {
  Lua = {
    diagnostics = {
      globals = { "vim" }
    },
    runtime = {
      path = { "./?.lua", "/home/rek/workspace/neovim/.deps/usr/share/luajit-2.1.0-beta3/?.lua", "/usr/local/share/lua/5.1/?.lua", "/usr/local/share/lua/5.1/?/init.lua", "/home/rek/workspace/neovim/.deps/usr/share/lua/5.1/?.lua", "/home/rek/workspace/neovim/.deps/usr/share/lua/5.1/?/init.lua", "/home/rek/.cache/nvim/packer_hererocks/2.1.0-beta3/share/lua/5.1/?.lua", "/home/rek/.cache/nvim/packer_hererocks/2.1.0-beta3/share/lua/5.1/?/init.lua", "/home/rek/.cache/nvim/packer_hererocks/2.1.0-beta3/lib/luarocks/rocks-5.1/?.lua", "/home/rek/.cache/nvim/packer_hererocks/2.1.0-beta3/lib/luarocks/rocks-5.1/?/init.lua", "lua/?.lua", "lua/?/init.lua" },
      version = "LuaJIT"
    },
    telemetry = {
      enable = false
    },
    workspace = {
      checkThirdParty = false,
      library = { "/home/rek/neovim/share/nvim/runtime/lua", "/home/rek/workspace/nvim-collection/nvim/lua" }
    }
  }
}
[18:44:11.877][info] [#0:script/library.lua:212]: Init builtin library at:	file:///home/rek/workspace/nvim-collection/nvim/lua/
[18:44:11.892][info] [#0:script/plugin.lua:86]: plugin path:	/home/rek/workspace/nvim-collection/nvim/lua
[18:44:11.892][warn] [#0:script/plugin.lua:101]: plugin not found:	/home/rek/workspace/nvim-collection/nvim/lua
[18:44:11.892][info] [#0:script/library.lua:212]: Init builtin library at:	nil
[18:44:11.911][info] [#0:script/provider/provider.lua:61]: Load config from client	fallback
[18:44:11.912][info] [#0:script/provider/provider.lua:62]: {
  Lua = {
    diagnostics = {
      globals = { "vim" }
    },
    runtime = {
      path = { "./?.lua", "/home/rek/workspace/neovim/.deps/usr/share/luajit-2.1.0-beta3/?.lua", "/usr/local/share/lua/5.1/?.lua", "/usr/local/share/lua/5.1/?/init.lua", "/home/rek/workspace/neovim/.deps/usr/share/lua/5.1/?.lua", "/home/rek/workspace/neovim/.deps/usr/share/lua/5.1/?/init.lua", "/home/rek/.cache/nvim/packer_hererocks/2.1.0-beta3/share/lua/5.1/?.lua", "/home/rek/.cache/nvim/packer_hererocks/2.1.0-beta3/share/lua/5.1/?/init.lua", "/home/rek/.cache/nvim/packer_hererocks/2.1.0-beta3/lib/luarocks/rocks-5.1/?.lua", "/home/rek/.cache/nvim/packer_hererocks/2.1.0-beta3/lib/luarocks/rocks-5.1/?/init.lua", "lua/?.lua", "lua/?/init.lua" },
      version = "LuaJIT"
    },
    telemetry = {
      enable = false
    },
    workspace = {
      checkThirdParty = false,
      library = { "/home/rek/neovim/share/nvim/runtime/lua", "/home/rek/workspace/nvim-collection/nvim/lua" }
    }
  }
}
[18:44:11.912][info] [#0:script/provider/provider.lua:61]: Load config from client	fallback
[18:44:11.912][info] [#0:script/provider/provider.lua:62]: {
  Lua = {
    diagnostics = {
      globals = { "vim" }
    },
    runtime = {
      path = { "./?.lua", "/home/rek/workspace/neovim/.deps/usr/share/luajit-2.1.0-beta3/?.lua", "/usr/local/share/lua/5.1/?.lua", "/usr/local/share/lua/5.1/?/init.lua", "/home/rek/workspace/neovim/.deps/usr/share/lua/5.1/?.lua", "/home/rek/workspace/neovim/.deps/usr/share/lua/5.1/?/init.lua", "/home/rek/.cache/nvim/packer_hererocks/2.1.0-beta3/share/lua/5.1/?.lua", "/home/rek/.cache/nvim/packer_hererocks/2.1.0-beta3/share/lua/5.1/?/init.lua", "/home/rek/.cache/nvim/packer_hererocks/2.1.0-beta3/lib/luarocks/rocks-5.1/?.lua", "/home/rek/.cache/nvim/packer_hererocks/2.1.0-beta3/lib/luarocks/rocks-5.1/?/init.lua", "lua/?.lua", "lua/?/init.lua" },
      version = "LuaJIT"
    },
    telemetry = {
      enable = false
    },
    workspace = {
      checkThirdParty = false,
      library = { "/home/rek/neovim/share/nvim/runtime/lua", "/home/rek/workspace/nvim-collection/nvim/lua" }
    }
  }
}
[18:44:12.013][info] [#0:script/workspace/workspace.lua:322]: Preload start:	file:///home/rek/workspace/nvim-collection/nvim/lua/
[18:44:12.018][info] [#0:script/workspace/workspace.lua:328]: Scan files at:	file:///home/rek/workspace/nvim-collection/nvim/lua/
[18:44:12.019][info] [#0:script/workspace/workspace.lua:322]: Preload start:	<fallback>
[18:44:12.024][info] [#0:script/workspace/workspace.lua:351]: Scan library at:	file:///home/rek/workspace/nvim-collection/nvim/mason/packages/lua-language-server/libexec/meta/LuaJIT%20en-us%20utf8/table.lua
[18:44:12.025][info] [#0:script/workspace/workspace.lua:351]: Scan library at:	file:///home/rek/workspace/nvim-collection/nvim/mason/packages/lua-language-server/libexec/meta/LuaJIT%20en-us%20utf8/builtin.lua
[18:44:12.026][info] [#0:script/workspace/workspace.lua:351]: Scan library at:	file:///home/rek/workspace/nvim-collection/nvim/mason/packages/lua-language-server/libexec/meta/LuaJIT%20en-us%20utf8/ffi.lua
[18:44:12.026][info] [#0:script/workspace/workspace.lua:351]: Scan library at:	file:///home/rek/workspace/nvim-collection/nvim/mason/packages/lua-language-server/libexec/meta/LuaJIT%20en-us%20utf8/string.lua
[18:44:12.026][info] [#0:script/workspace/workspace.lua:351]: Scan library at:	file:///home/rek/workspace/nvim-collection/nvim/mason/packages/lua-language-server/libexec/meta/LuaJIT%20en-us%20utf8/table.lua
[18:44:12.026][info] [#0:script/workspace/workspace.lua:351]: Scan library at:	file:///home/rek/workspace/nvim-collection/nvim/mason/packages/lua-language-server/libexec/meta/LuaJIT%20en-us%20utf8/string/buffer.lua
[18:44:12.026][info] [#0:script/workspace/workspace.lua:351]: Scan library at:	file:///home/rek/workspace/nvim-collection/nvim/mason/packages/lua-language-server/libexec/meta/LuaJIT%20en-us%20utf8/builtin.lua
[18:44:12.026][info] [#0:script/workspace/workspace.lua:351]: Scan library at:	file:///home/rek/workspace/nvim-collection/nvim/mason/packages/lua-language-server/libexec/meta/LuaJIT%20en-us%20utf8/debug.lua
[18:44:12.027][info] [#0:script/workspace/workspace.lua:351]: Scan library at:	file:///home/rek/workspace/nvim-collection/nvim/mason/packages/lua-language-server/libexec/meta/LuaJIT%20en-us%20utf8/ffi.lua
[18:44:12.027][info] [#0:script/workspace/workspace.lua:351]: Scan library at:	file:///home/rek/workspace/nvim-collection/nvim/mason/packages/lua-language-server/libexec/meta/LuaJIT%20en-us%20utf8/jit.lua
[18:44:12.027][info] [#0:script/workspace/workspace.lua:351]: Scan library at:	file:///home/rek/workspace/nvim-collection/nvim/mason/packages/lua-language-server/libexec/meta/LuaJIT%20en-us%20utf8/string.lua
[18:44:12.027][info] [#0:script/workspace/workspace.lua:351]: Scan library at:	file:///home/rek/workspace/nvim-collection/nvim/mason/packages/lua-language-server/libexec/meta/LuaJIT%20en-us%20utf8/io.lua
[18:44:12.027][info] [#0:script/workspace/workspace.lua:351]: Scan library at:	file:///home/rek/workspace/nvim-collection/nvim/mason/packages/lua-language-server/libexec/meta/LuaJIT%20en-us%20utf8/string/buffer.lua
[18:44:12.027][info] [#0:script/workspace/workspace.lua:351]: Scan library at:	file:///home/rek/workspace/nvim-collection/nvim/mason/packages/lua-language-server/libexec/meta/LuaJIT%20en-us%20utf8/table/new.lua
[18:44:12.027][info] [#0:script/workspace/workspace.lua:351]: Scan library at:	file:///home/rek/workspace/nvim-collection/nvim/mason/packages/lua-language-server/libexec/meta/LuaJIT%20en-us%20utf8/debug.lua
[18:44:12.027][info] [#0:script/workspace/workspace.lua:351]: Scan library at:	file:///home/rek/workspace/nvim-collection/nvim/mason/packages/lua-language-server/libexec/meta/LuaJIT%20en-us%20utf8/math.lua
[18:44:12.027][info] [#0:script/workspace/workspace.lua:351]: Scan library at:	file:///home/rek/workspace/nvim-collection/nvim/mason/packages/lua-language-server/libexec/meta/LuaJIT%20en-us%20utf8/jit.lua
[18:44:12.028][info] [#0:script/workspace/workspace.lua:351]: Scan library at:	file:///home/rek/workspace/nvim-collection/nvim/mason/packages/lua-language-server/libexec/meta/LuaJIT%20en-us%20utf8/bit.lua
[18:44:12.028][info] [#0:script/workspace/workspace.lua:351]: Scan library at:	file:///home/rek/workspace/nvim-collection/nvim/mason/packages/lua-language-server/libexec/meta/LuaJIT%20en-us%20utf8/io.lua
[18:44:12.028][info] [#0:script/workspace/workspace.lua:351]: Scan library at:	file:///home/rek/workspace/nvim-collection/nvim/mason/packages/lua-language-server/libexec/meta/LuaJIT%20en-us%20utf8/coroutine.lua
[18:44:12.028][info] [#0:script/workspace/workspace.lua:351]: Scan library at:	file:///home/rek/workspace/nvim-collection/nvim/mason/packages/lua-language-server/libexec/meta/LuaJIT%20en-us%20utf8/table/new.lua
[18:44:12.028][info] [#0:script/workspace/workspace.lua:351]: Scan library at:	file:///home/rek/neovim/share/nvim/runtime/lua
[18:44:12.029][info] [#0:script/workspace/workspace.lua:351]: Scan library at:	file:///home/rek/workspace/nvim-collection/nvim/mason/packages/lua-language-server/libexec/meta/LuaJIT%20en-us%20utf8/math.lua
[18:44:12.029][info] [#0:script/workspace/workspace.lua:351]: Scan library at:	file:///home/rek/workspace/nvim-collection/nvim/mason/packages/lua-language-server/libexec/meta/LuaJIT%20en-us%20utf8/bit.lua
[18:44:12.030][info] [#0:script/workspace/workspace.lua:351]: Scan library at:	file:///home/rek/workspace/nvim-collection/nvim/mason/packages/lua-language-server/libexec/meta/LuaJIT%20en-us%20utf8/coroutine.lua
[18:44:12.030][info] [#0:script/workspace/workspace.lua:351]: Scan library at:	file:///home/rek/neovim/share/nvim/runtime/lua
[18:44:12.034][info] [#0:script/workspace/workspace.lua:351]: Scan library at:	file:///home/rek/workspace/nvim-collection/nvim/mason/packages/lua-language-server/libexec/meta/LuaJIT%20en-us%20utf8/table/clear.lua
[18:44:12.034][info] [#0:script/workspace/workspace.lua:351]: Scan library at:	file:///home/rek/workspace/nvim-collection/nvim/lua
[18:44:12.035][info] [#0:script/workspace/workspace.lua:351]: Scan library at:	file:///home/rek/workspace/nvim-collection/nvim/mason/packages/lua-language-server/libexec/meta/LuaJIT%20en-us%20utf8/table/clear.lua
[18:44:12.035][info] [#0:script/workspace/workspace.lua:351]: Scan library at:	file:///home/rek/workspace/nvim-collection/nvim/lua
[18:44:12.035][info] [#0:script/workspace/workspace.lua:351]: Scan library at:	file:///home/rek/workspace/nvim-collection/nvim/mason/packages/lua-language-server/libexec/meta/LuaJIT%20en-us%20utf8/package.lua
[18:44:12.035][info] [#0:script/workspace/workspace.lua:351]: Scan library at:	file:///home/rek/workspace/nvim-collection/nvim/mason/packages/lua-language-server/libexec/meta/LuaJIT%20en-us%20utf8/basic.lua
[18:44:12.036][info] [#0:script/workspace/workspace.lua:351]: Scan library at:	file:///home/rek/workspace/nvim-collection/nvim/mason/packages/lua-language-server/libexec/meta/LuaJIT%20en-us%20utf8/os.lua
[18:44:12.036][info] [#0:script/workspace/workspace.lua:351]: Scan library at:	file:///home/rek/workspace/nvim-collection/nvim/mason/packages/lua-language-server/libexec/meta/LuaJIT%20en-us%20utf8/package.lua
[18:44:12.036][info] [#0:script/workspace/workspace.lua:351]: Scan library at:	file:///home/rek/workspace/nvim-collection/nvim/mason/packages/lua-language-server/libexec/meta/LuaJIT%20en-us%20utf8/basic.lua
[18:44:12.036][info] [#0:script/workspace/workspace.lua:351]: Scan library at:	file:///home/rek/workspace/nvim-collection/nvim/mason/packages/lua-language-server/libexec/meta/LuaJIT%20en-us%20utf8/os.lua
[18:44:12.136][info] [#0:script/workspace/workspace.lua:377]: Found 71 files at:	<fallback>
[18:44:12.136][info] [#0:script/workspace/loading.lua:161]: Load files from disk:	<fallback>
[18:44:12.137][info] [#0:script/workspace/workspace.lua:377]: Found 75 files at:	file:///home/rek/workspace/nvim-collection/nvim/lua/
[18:44:12.137][info] [#0:script/workspace/loading.lua:161]: Load files from disk:	file:///home/rek/workspace/nvim-collection/nvim/lua/
[18:44:12.138][info] [#0:script/workspace/loading.lua:101]: Preload file at: file:///home/rek/workspace/nvim-collection/nvim/mason/packages/lua-language-server/libexec/meta/LuaJIT%20en-us%20utf8/os.lua , size = 4.347 KB
[18:44:12.144][info] [#0:script/workspace/loading.lua:113]: ++++As library of:	file:///home/rek/workspace/nvim-collection/nvim/mason/packages/lua-language-server/libexec/meta/LuaJIT%20en-us%20utf8/os.lua
[18:44:12.144][info] [#0:script/workspace/loading.lua:101]: Preload file at: file:///home/rek/workspace/nvim-collection/nvim/mason/packages/lua-language-server/libexec/meta/LuaJIT%20en-us%20utf8/basic.lua , size = 14.135 KB
[18:44:12.152][info] [#0:script/workspace/loading.lua:113]: ++++As library of:	file:///home/rek/workspace/nvim-collection/nvim/mason/packages/lua-language-server/libexec/meta/LuaJIT%20en-us%20utf8/basic.lua
[18:44:12.152][info] [#0:script/workspace/loading.lua:98]: Skip loaded file: file:///home/rek/workspace/nvim-collection/nvim/mason/packages/lua-language-server/libexec/meta/LuaJIT%20en-us%20utf8/basic.lua
[18:44:12.153][info] [#0:script/workspace/loading.lua:101]: Preload file at: file:///home/rek/workspace/nvim-collection/nvim/mason/packages/lua-language-server/libexec/meta/LuaJIT%20en-us%20utf8/package.lua , size = 2.699 KB
[18:44:12.158][info] [#0:script/workspace/loading.lua:113]: ++++As library of:	file:///home/rek/workspace/nvim-collection/nvim/mason/packages/lua-language-server/libexec/meta/LuaJIT%20en-us%20utf8/package.lua
[18:44:12.158][info] [#0:script/workspace/loading.lua:98]: Skip loaded file: file:///home/rek/workspace/nvim-collection/nvim/mason/packages/lua-language-server/libexec/meta/LuaJIT%20en-us%20utf8/package.lua
[18:44:12.158][info] [#0:script/workspace/loading.lua:101]: Preload file at: file:///home/rek/workspace/nvim-collection/nvim/lua/rek/set.lua , size = 0.360 KB
[18:44:12.159][info] [#0:script/workspace/loading.lua:113]: ++++As library of:	file:///home/rek/workspace/nvim-collection/nvim/lua
[18:44:12.159][info] [#0:script/workspace/loading.lua:98]: Skip loaded file: file:///home/rek/workspace/nvim-collection/nvim/lua/rek/set.lua
[18:44:12.159][info] [#0:script/workspace/loading.lua:101]: Preload file at: file:///home/rek/workspace/nvim-collection/nvim/lua/rek/init.lua , size = 0.039 KB
[18:44:12.159][info] [#0:script/workspace/loading.lua:113]: ++++As library of:	file:///home/rek/workspace/nvim-collection/nvim/lua
[18:44:12.159][info] [#0:script/workspace/loading.lua:98]: Skip loaded file: file:///home/rek/workspace/nvim-collection/nvim/lua/rek/init.lua
[18:44:12.159][info] [#0:script/workspace/loading.lua:101]: Preload file at: file:///home/rek/workspace/nvim-collection/nvim/lua/rek/remap.lua , size = 0.506 KB
[18:44:12.160][info] [#0:script/workspace/loading.lua:113]: ++++As library of:	file:///home/rek/workspace/nvim-collection/nvim/lua
[18:44:12.160][info] [#0:script/workspace/loading.lua:98]: Skip loaded file: file:///home/rek/workspace/nvim-collection/nvim/lua/rek/remap.lua
[18:44:12.160][info] [#0:script/workspace/loading.lua:101]: Preload file at: file:///home/rek/workspace/nvim-collection/nvim/lua/rek/packer.lua , size = 0.965 KB
[18:44:12.161][info] [#0:script/workspace/loading.lua:113]: ++++As library of:	file:///home/rek/workspace/nvim-collection/nvim/lua
[18:44:12.161][info] [#0:script/workspace/loading.lua:98]: Skip loaded file: file:///home/rek/workspace/nvim-collection/nvim/lua/rek/packer.lua
[18:44:12.161][info] [#0:script/workspace/loading.lua:101]: Preload file at: file:///home/rek/workspace/nvim-collection/nvim/mason/packages/lua-language-server/libexec/meta/LuaJIT%20en-us%20utf8/table/clear.lua , size = 0.797 KB
[18:44:12.161][info] [#0:script/workspace/loading.lua:113]: ++++As library of:	file:///home/rek/workspace/nvim-collection/nvim/mason/packages/lua-language-server/libexec/meta/LuaJIT%20en-us%20utf8/table/clear.lua
[18:44:12.161][info] [#0:script/workspace/loading.lua:98]: Skip loaded file: file:///home/rek/workspace/nvim-collection/nvim/mason/packages/lua-language-server/libexec/meta/LuaJIT%20en-us%20utf8/os.lua
[18:44:12.161][info] [#0:script/workspace/loading.lua:89]: Skip loaded file: file:///home/rek/workspace/nvim-collection/nvim/mason/packages/lua-language-server/libexec/meta/LuaJIT%20en-us%20utf8/table/clear.lua
[18:44:12.161][info] [#0:script/workspace/loading.lua:113]: ++++As library of:	file:///home/rek/workspace/nvim-collection/nvim/mason/packages/lua-language-server/libexec/meta/LuaJIT%20en-us%20utf8/table/clear.lua
[18:44:12.162][info] [#0:script/workspace/loading.lua:101]: Preload file at: file:///home/rek/neovim/share/nvim/runtime/lua/_vim9script.lua , size = 15.439 KB
[18:44:12.173][info] [#0:script/workspace/loading.lua:113]: ++++As library of:	file:///home/rek/neovim/share/nvim/runtime/lua
[18:44:12.174][info] [#0:script/workspace/loading.lua:98]: Skip loaded file: file:///home/rek/neovim/share/nvim/runtime/lua/_vim9script.lua
[18:44:12.174][info] [#0:script/workspace/loading.lua:101]: Preload file at: file:///home/rek/neovim/share/nvim/runtime/lua/nvim/health.lua , size = 12.706 KB
[18:44:12.186][info] [#0:script/workspace/loading.lua:113]: ++++As library of:	file:///home/rek/neovim/share/nvim/runtime/lua
[18:44:12.186][info] [#0:script/workspace/loading.lua:101]: Preload file at: file:///home/rek/neovim/share/nvim/runtime/lua/vim/_meta.lua , size = 12.077 KB
[18:44:12.195][info] [#0:script/workspace/loading.lua:113]: ++++As library of:	file:///home/rek/neovim/share/nvim/runtime/lua
[18:44:12.195][info] [#0:script/workspace/loading.lua:98]: Skip loaded file: file:///home/rek/neovim/share/nvim/runtime/lua/nvim/health.lua
[18:44:12.195][info] [#0:script/workspace/loading.lua:101]: Preload file at: file:///home/rek/neovim/share/nvim/runtime/lua/vim/filetype/options.lua , size = 2.561 KB
[18:44:12.198][info] [#0:script/workspace/loading.lua:113]: ++++As library of:	file:///home/rek/neovim/share/nvim/runtime/lua
[18:44:12.198][info] [#0:script/workspace/loading.lua:98]: Skip loaded file: file:///home/rek/neovim/share/nvim/runtime/lua/vim/_meta.lua
[18:44:12.198][info] [#0:script/workspace/loading.lua:89]: Skip loaded file: file:///home/rek/neovim/share/nvim/runtime/lua/vim/filetype/options.lua
[18:44:12.198][info] [#0:script/workspace/loading.lua:113]: ++++As library of:	file:///home/rek/neovim/share/nvim/runtime/lua
[18:44:12.198][info] [#0:script/workspace/loading.lua:101]: Preload file at: file:///home/rek/neovim/share/nvim/runtime/lua/vim/filetype/detect.lua , size = 47.479 KB
[18:44:12.235][info] [#0:script/workspace/loading.lua:113]: ++++As library of:	file:///home/rek/neovim/share/nvim/runtime/lua
[18:44:12.236][info] [#0:script/workspace/loading.lua:101]: Preload file at: file:///home/rek/neovim/share/nvim/runtime/lua/vim/fs.lua , size = 10.662 KB
[18:44:12.244][info] [#0:script/workspace/loading.lua:113]: ++++As library of:	file:///home/rek/neovim/share/nvim/runtime/lua
[18:44:12.244][info] [#0:script/workspace/loading.lua:98]: Skip loaded file: file:///home/rek/neovim/share/nvim/runtime/lua/vim/fs.lua
[18:44:12.244][info] [#0:script/workspace/loading.lua:98]: Skip loaded file: file:///home/rek/neovim/share/nvim/runtime/lua/vim/filetype/detect.lua
[18:44:12.244][info] [#0:script/workspace/loading.lua:101]: Preload file at: file:///home/rek/neovim/share/nvim/runtime/lua/vim/inspect.lua , size = 8.864 KB
[18:44:12.251][info] [#0:script/workspace/loading.lua:113]: ++++As library of:	file:///home/rek/neovim/share/nvim/runtime/lua
[18:44:12.251][info] [#0:script/workspace/loading.lua:101]: Preload file at: file:///home/rek/neovim/share/nvim/runtime/lua/vim/keymap.lua , size = 3.573 KB
[18:44:12.254][info] [#0:script/workspace/loading.lua:113]: ++++As library of:	file:///home/rek/neovim/share/nvim/runtime/lua
[18:44:12.254][info] [#0:script/workspace/loading.lua:98]: Skip loaded file: file:///home/rek/neovim/share/nvim/runtime/lua/vim/inspect.lua
[18:44:12.254][info] [#0:script/workspace/loading.lua:98]: Skip loaded file: file:///home/rek/neovim/share/nvim/runtime/lua/vim/keymap.lua
[18:44:12.254][info] [#0:script/workspace/loading.lua:101]: Preload file at: file:///home/rek/neovim/share/nvim/runtime/lua/vim/lsp/_watchfiles.lua , size = 9.196 KB
[18:44:12.261][info] [#0:script/workspace/loading.lua:113]: ++++As library of:	file:///home/rek/neovim/share/nvim/runtime/lua
[18:44:12.261][info] [#0:script/workspace/loading.lua:98]: Skip loaded file: file:///home/rek/neovim/share/nvim/runtime/lua/vim/lsp/_watchfiles.lua
[18:44:12.261][info] [#0:script/workspace/loading.lua:101]: Preload file at: file:///home/rek/neovim/share/nvim/runtime/lua/vim/lsp/diagnostic.lua , size = 8.867 KB
[18:44:12.276][info] [#0:script/workspace/loading.lua:113]: ++++As library of:	file:///home/rek/neovim/share/nvim/runtime/lua
[18:44:12.276][info] [#0:script/workspace/loading.lua:98]: Skip loaded file: file:///home/rek/neovim/share/nvim/runtime/lua/vim/lsp/diagnostic.lua
[18:44:12.276][info] [#0:script/workspace/loading.lua:101]: Preload file at: file:///home/rek/neovim/share/nvim/runtime/lua/vim/lsp/semantic_tokens.lua , size = 24.755 KB
[18:44:12.290][info] [#0:script/workspace/loading.lua:113]: ++++As library of:	file:///home/rek/neovim/share/nvim/runtime/lua
[18:44:12.290][info] [#0:script/workspace/loading.lua:89]: Skip loaded file: file:///home/rek/neovim/share/nvim/runtime/lua/vim/lsp/semantic_tokens.lua
[18:44:12.290][info] [#0:script/workspace/loading.lua:113]: ++++As library of:	file:///home/rek/neovim/share/nvim/runtime/lua
[18:44:12.290][info] [#0:script/workspace/loading.lua:101]: Preload file at: file:///home/rek/neovim/share/nvim/runtime/lua/vim/lsp/sync.lua , size = 15.681 KB
[18:44:12.299][info] [#0:script/workspace/loading.lua:113]: ++++As library of:	file:///home/rek/neovim/share/nvim/runtime/lua
[18:44:12.299][info] [#0:script/workspace/loading.lua:98]: Skip loaded file: file:///home/rek/neovim/share/nvim/runtime/lua/vim/lsp/sync.lua
[18:44:12.299][info] [#0:script/workspace/loading.lua:101]: Preload file at: file:///home/rek/neovim/share/nvim/runtime/lua/vim/lsp/tagfunc.lua , size = 2.339 KB
[18:44:12.301][info] [#0:script/workspace/loading.lua:113]: ++++As library of:	file:///home/rek/neovim/share/nvim/runtime/lua
[18:44:12.301][info] [#0:script/workspace/loading.lua:101]: Preload file at: file:///home/rek/neovim/share/nvim/runtime/lua/vim/lsp/types.lua , size = 0.924 KB
[18:44:12.302][info] [#0:script/workspace/loading.lua:113]: ++++As library of:	file:///home/rek/neovim/share/nvim/runtime/lua
[18:44:12.302][info] [#0:script/workspace/loading.lua:98]: Skip loaded file: file:///home/rek/neovim/share/nvim/runtime/lua/vim/lsp/tagfunc.lua
[18:44:12.302][info] [#0:script/workspace/loading.lua:98]: Skip loaded file: file:///home/rek/neovim/share/nvim/runtime/lua/vim/lsp/types.lua
[18:44:12.303][info] [#0:script/workspace/loading.lua:101]: Preload file at: file:///home/rek/neovim/share/nvim/runtime/lua/vim/lsp/_snippet.lua , size = 10.744 KB
[18:44:12.313][info] [#0:script/workspace/loading.lua:113]: ++++As library of:	file:///home/rek/neovim/share/nvim/runtime/lua
[18:44:12.313][info] [#0:script/workspace/loading.lua:98]: Skip loaded file: file:///home/rek/neovim/share/nvim/runtime/lua/vim/lsp/_snippet.lua
[18:44:12.313][info] [#0:script/workspace/loading.lua:101]: Preload file at: file:///home/rek/neovim/share/nvim/runtime/lua/vim/lsp/buf.lua , size = 27.860 KB
[18:44:12.329][info] [#0:script/workspace/loading.lua:113]: ++++As library of:	file:///home/rek/neovim/share/nvim/runtime/lua
[18:44:12.330][info] [#0:script/workspace/loading.lua:89]: Skip loaded file: file:///home/rek/neovim/share/nvim/runtime/lua/vim/lsp/buf.lua
[18:44:12.330][info] [#0:script/workspace/loading.lua:113]: ++++As library of:	file:///home/rek/neovim/share/nvim/runtime/lua
[18:44:12.330][info] [#0:script/workspace/loading.lua:101]: Preload file at: file:///home/rek/neovim/share/nvim/runtime/lua/vim/lsp/codelens.lua , size = 8.261 KB
[18:44:12.336][info] [#0:script/workspace/loading.lua:113]: ++++As library of:	file:///home/rek/neovim/share/nvim/runtime/lua
[18:44:12.336][info] [#0:script/workspace/loading.lua:98]: Skip loaded file: file:///home/rek/neovim/share/nvim/runtime/lua/vim/lsp/codelens.lua
[18:44:12.337][info] [#0:script/workspace/loading.lua:101]: Preload file at: file:///home/rek/neovim/share/nvim/runtime/lua/vim/lsp/handlers.lua , size = 23.587 KB
[18:44:12.363][info] [#0:script/workspace/loading.lua:113]: ++++As library of:	file:///home/rek/neovim/share/nvim/runtime/lua
[18:44:12.364][info] [#0:script/workspace/loading.lua:101]: Preload file at: file:///home/rek/neovim/share/nvim/runtime/lua/vim/lsp/health.lua , size = 1.240 KB
[18:44:12.365][info] [#0:script/workspace/loading.lua:113]: ++++As library of:	file:///home/rek/neovim/share/nvim/runtime/lua
[18:44:12.365][info] [#0:script/workspace/loading.lua:98]: Skip loaded file: file:///home/rek/neovim/share/nvim/runtime/lua/vim/lsp/handlers.lua
[18:44:12.365][info] [#0:script/workspace/loading.lua:89]: Skip loaded file: file:///home/rek/neovim/share/nvim/runtime/lua/vim/lsp/health.lua
[18:44:12.365][info] [#0:script/workspace/loading.lua:113]: ++++As library of:	file:///home/rek/neovim/share/nvim/runtime/lua
[18:44:12.365][info] [#0:script/workspace/loading.lua:101]: Preload file at: file:///home/rek/neovim/share/nvim/runtime/lua/vim/lsp/log.lua , size = 5.151 KB
[18:44:12.369][info] [#0:script/workspace/loading.lua:113]: ++++As library of:	file:///home/rek/neovim/share/nvim/runtime/lua
[18:44:12.369][info] [#0:script/workspace/loading.lua:98]: Skip loaded file: file:///home/rek/neovim/share/nvim/runtime/lua/vim/lsp/log.lua
[18:44:12.369][info] [#0:script/workspace/loading.lua:101]: Preload file at: file:///home/rek/neovim/share/nvim/runtime/lua/vim/lsp/protocol.lua , size = 28.367 KB
[18:44:12.377][info] [#0:script/workspace/loading.lua:113]: ++++As library of:	file:///home/rek/neovim/share/nvim/runtime/lua
[18:44:12.377][info] [#0:script/workspace/loading.lua:98]: Skip loaded file: file:///home/rek/neovim/share/nvim/runtime/lua/vim/lsp/protocol.lua
[18:44:12.377][info] [#0:script/workspace/loading.lua:101]: Preload file at: file:///home/rek/neovim/share/nvim/runtime/lua/vim/lsp/rpc.lua , size = 23.695 KB
[18:44:12.393][info] [#0:script/workspace/loading.lua:113]: ++++As library of:	file:///home/rek/neovim/share/nvim/runtime/lua
[18:44:12.393][info] [#0:script/workspace/loading.lua:98]: Skip loaded file: file:///home/rek/neovim/share/nvim/runtime/lua/vim/lsp/rpc.lua
[18:44:12.393][info] [#0:script/workspace/loading.lua:101]: Preload file at: file:///home/rek/neovim/share/nvim/runtime/lua/vim/lsp/util.lua , size = 70.763 KB
[18:44:12.441][info] [#0:script/workspace/loading.lua:113]: ++++As library of:	file:///home/rek/neovim/share/nvim/runtime/lua
[18:44:12.442][info] [#0:script/workspace/loading.lua:101]: Preload file at: file:///home/rek/neovim/share/nvim/runtime/lua/vim/secure.lua , size = 4.830 KB
[18:44:12.446][info] [#0:script/workspace/loading.lua:113]: ++++As library of:	file:///home/rek/neovim/share/nvim/runtime/lua
[18:44:12.446][info] [#0:script/workspace/loading.lua:98]: Skip loaded file: file:///home/rek/neovim/share/nvim/runtime/lua/vim/lsp/util.lua
[18:44:12.446][info] [#0:script/workspace/loading.lua:98]: Skip loaded file: file:///home/rek/neovim/share/nvim/runtime/lua/vim/secure.lua
[18:44:12.446][info] [#0:script/workspace/loading.lua:101]: Preload file at: file:///home/rek/neovim/share/nvim/runtime/lua/vim/treesitter.lua , size = 15.442 KB
[18:44:12.476][info] [#0:script/workspace/loading.lua:113]: ++++As library of:	file:///home/rek/neovim/share/nvim/runtime/lua
[18:44:12.476][info] [#0:script/workspace/loading.lua:101]: Preload file at: file:///home/rek/neovim/share/nvim/runtime/lua/vim/treesitter/_fold.lua , size = 6.753 KB
[18:44:12.482][info] [#0:script/workspace/loading.lua:113]: ++++As library of:	file:///home/rek/neovim/share/nvim/runtime/lua
[18:44:12.482][info] [#0:script/workspace/loading.lua:98]: Skip loaded file: file:///home/rek/neovim/share/nvim/runtime/lua/vim/treesitter.lua
[18:44:12.482][info] [#0:script/workspace/loading.lua:98]: Skip loaded file: file:///home/rek/neovim/share/nvim/runtime/lua/vim/treesitter/_fold.lua
[18:44:12.482][info] [#0:script/workspace/loading.lua:101]: Preload file at: file:///home/rek/neovim/share/nvim/runtime/lua/vim/treesitter/_meta.lua , size = 2.839 KB
[18:44:12.485][info] [#0:script/workspace/loading.lua:113]: ++++As library of:	file:///home/rek/neovim/share/nvim/runtime/lua
[18:44:12.486][info] [#0:script/workspace/loading.lua:98]: Skip loaded file: file:///home/rek/neovim/share/nvim/runtime/lua/vim/treesitter/_meta.lua
[18:44:12.486][info] [#0:script/workspace/loading.lua:101]: Preload file at: file:///home/rek/neovim/share/nvim/runtime/lua/vim/treesitter/_range.lua , size = 3.646 KB
[18:44:12.489][info] [#0:script/workspace/loading.lua:113]: ++++As library of:	file:///home/rek/neovim/share/nvim/runtime/lua
[18:44:12.489][info] [#0:script/workspace/loading.lua:98]: Skip loaded file: file:///home/rek/neovim/share/nvim/runtime/lua/vim/treesitter/_range.lua
[18:44:12.490][info] [#0:script/workspace/loading.lua:101]: Preload file at: file:///home/rek/neovim/share/nvim/runtime/lua/vim/treesitter/language.lua , size = 3.528 KB
[18:44:12.493][info] [#0:script/workspace/loading.lua:113]: ++++As library of:	file:///home/rek/neovim/share/nvim/runtime/lua
[18:44:12.493][info] [#0:script/workspace/loading.lua:98]: Skip loaded file: file:///home/rek/neovim/share/nvim/runtime/lua/vim/treesitter/language.lua
[18:44:12.493][info] [#0:script/workspace/loading.lua:101]: Preload file at: file:///home/rek/neovim/share/nvim/runtime/lua/vim/treesitter/health.lua , size = 0.888 KB
[18:44:12.494][info] [#0:script/workspace/loading.lua:113]: ++++As library of:	file:///home/rek/neovim/share/nvim/runtime/lua
[18:44:12.494][info] [#0:script/workspace/loading.lua:98]: Skip loaded file: file:///home/rek/neovim/share/nvim/runtime/lua/vim/treesitter/health.lua
[18:44:12.494][info] [#0:script/workspace/loading.lua:101]: Preload file at: file:///home/rek/neovim/share/nvim/runtime/lua/vim/treesitter/highlighter.lua , size = 8.609 KB
[18:44:12.501][info] [#0:script/workspace/loading.lua:113]: ++++As library of:	file:///home/rek/neovim/share/nvim/runtime/lua
[18:44:12.501][info] [#0:script/workspace/loading.lua:98]: Skip loaded file: file:///home/rek/neovim/share/nvim/runtime/lua/vim/treesitter/highlighter.lua
[18:44:12.502][info] [#0:script/workspace/loading.lua:101]: Preload file at: file:///home/rek/neovim/share/nvim/runtime/lua/vim/treesitter/languagetree.lua , size = 26.168 KB
[18:44:12.524][info] [#0:script/workspace/loading.lua:113]: ++++As library of:	file:///home/rek/neovim/share/nvim/runtime/lua
[18:44:12.524][info] [#0:script/workspace/loading.lua:98]: Skip loaded file: file:///home/rek/neovim/share/nvim/runtime/lua/vim/treesitter/languagetree.lua
[18:44:12.525][info] [#0:script/workspace/loading.lua:101]: Preload file at: file:///home/rek/neovim/share/nvim/runtime/lua/vim/treesitter/playground.lua , size = 12.551 KB
[18:44:12.536][info] [#0:script/workspace/loading.lua:113]: ++++As library of:	file:///home/rek/neovim/share/nvim/runtime/lua
[18:44:12.537][info] [#0:script/workspace/loading.lua:98]: Skip loaded file: file:///home/rek/neovim/share/nvim/runtime/lua/vim/treesitter/playground.lua
[18:44:12.537][info] [#0:script/workspace/loading.lua:101]: Preload file at: file:///home/rek/neovim/share/nvim/runtime/lua/vim/treesitter/query.lua , size = 21.253 KB
[18:44:12.554][info] [#0:script/workspace/loading.lua:113]: ++++As library of:	file:///home/rek/neovim/share/nvim/runtime/lua
[18:44:12.554][info] [#0:script/workspace/loading.lua:98]: Skip loaded file: file:///home/rek/neovim/share/nvim/runtime/lua/vim/treesitter/query.lua
[18:44:12.554][info] [#0:script/workspace/loading.lua:101]: Preload file at: file:///home/rek/neovim/share/nvim/runtime/lua/vim/ui.lua , size = 3.672 KB
[18:44:12.556][info] [#0:script/workspace/loading.lua:113]: ++++As library of:	file:///home/rek/neovim/share/nvim/runtime/lua
[18:44:12.556][info] [#0:script/workspace/loading.lua:98]: Skip loaded file: file:///home/rek/neovim/share/nvim/runtime/lua/vim/ui.lua
[18:44:12.556][info] [#0:script/workspace/loading.lua:101]: Preload file at: file:///home/rek/neovim/share/nvim/runtime/lua/vim/version.lua , size = 12.146 KB
[18:44:12.566][info] [#0:script/workspace/loading.lua:113]: ++++As library of:	file:///home/rek/neovim/share/nvim/runtime/lua
[18:44:12.566][info] [#0:script/workspace/loading.lua:89]: Skip loaded file: file:///home/rek/neovim/share/nvim/runtime/lua/vim/version.lua
[18:44:12.566][info] [#0:script/workspace/loading.lua:113]: ++++As library of:	file:///home/rek/neovim/share/nvim/runtime/lua
[18:44:12.566][info] [#0:script/workspace/loading.lua:101]: Preload file at: file:///home/rek/neovim/share/nvim/runtime/lua/vim/F.lua , size = 0.824 KB
[18:44:12.568][info] [#0:script/workspace/loading.lua:113]: ++++As library of:	file:///home/rek/neovim/share/nvim/runtime/lua
[18:44:12.568][info] [#0:script/workspace/loading.lua:98]: Skip loaded file: file:///home/rek/neovim/share/nvim/runtime/lua/vim/F.lua
[18:44:12.568][info] [#0:script/workspace/loading.lua:101]: Preload file at: file:///home/rek/neovim/share/nvim/runtime/lua/vim/_editor.lua , size = 29.339 KB
[18:44:12.588][info] [#0:script/workspace/loading.lua:113]: ++++As library of:	file:///home/rek/neovim/share/nvim/runtime/lua
[18:44:12.588][info] [#0:script/workspace/loading.lua:98]: Skip loaded file: file:///home/rek/neovim/share/nvim/runtime/lua/vim/_editor.lua
[18:44:12.589][info] [#0:script/workspace/loading.lua:101]: Preload file at: file:///home/rek/neovim/share/nvim/runtime/lua/vim/_init_packages.lua , size = 2.773 KB
[18:44:12.591][info] [#0:script/workspace/loading.lua:113]: ++++As library of:	file:///home/rek/neovim/share/nvim/runtime/lua
[18:44:12.591][info] [#0:script/workspace/loading.lua:98]: Skip loaded file: file:///home/rek/neovim/share/nvim/runtime/lua/vim/_init_packages.lua
[18:44:12.591][info] [#0:script/workspace/loading.lua:101]: Preload file at: file:///home/rek/neovim/share/nvim/runtime/lua/vim/_inspector.lua , size = 7.792 KB
[18:44:12.598][info] [#0:script/workspace/loading.lua:113]: ++++As library of:	file:///home/rek/neovim/share/nvim/runtime/lua
[18:44:12.598][info] [#0:script/workspace/loading.lua:89]: Skip loaded file: file:///home/rek/neovim/share/nvim/runtime/lua/vim/_inspector.lua
[18:44:12.598][info] [#0:script/workspace/loading.lua:113]: ++++As library of:	file:///home/rek/neovim/share/nvim/runtime/lua
[18:44:12.598][info] [#0:script/workspace/loading.lua:101]: Preload file at: file:///home/rek/neovim/share/nvim/runtime/lua/vim/_watch.lua , size = 5.115 KB
[18:44:12.602][info] [#0:script/workspace/loading.lua:113]: ++++As library of:	file:///home/rek/neovim/share/nvim/runtime/lua
[18:44:12.602][info] [#0:script/workspace/loading.lua:98]: Skip loaded file: file:///home/rek/neovim/share/nvim/runtime/lua/vim/_watch.lua
[18:44:12.602][info] [#0:script/workspace/loading.lua:101]: Preload file at: file:///home/rek/neovim/share/nvim/runtime/lua/vim/diagnostic.lua , size = 56.640 KB
[18:44:12.667][info] [#0:script/workspace/loading.lua:113]: ++++As library of:	file:///home/rek/neovim/share/nvim/runtime/lua
[18:44:12.668][info] [#0:script/workspace/loading.lua:89]: Skip loaded file: file:///home/rek/neovim/share/nvim/runtime/lua/vim/diagnostic.lua
[18:44:12.668][info] [#0:script/workspace/loading.lua:113]: ++++As library of:	file:///home/rek/neovim/share/nvim/runtime/lua
[18:44:12.668][info] [#0:script/workspace/loading.lua:101]: Preload file at: file:///home/rek/neovim/share/nvim/runtime/lua/vim/filetype.lua , size = 74.400 KB
[18:44:12.714][info] [#0:script/workspace/loading.lua:113]: ++++As library of:	file:///home/rek/neovim/share/nvim/runtime/lua
[18:44:12.714][info] [#0:script/workspace/loading.lua:101]: Preload file at: file:///home/rek/neovim/share/nvim/runtime/lua/vim/health.lua , size = 1.537 KB
[18:44:12.716][info] [#0:script/workspace/loading.lua:113]: ++++As library of:	file:///home/rek/neovim/share/nvim/runtime/lua
[18:44:12.716][info] [#0:script/workspace/loading.lua:98]: Skip loaded file: file:///home/rek/neovim/share/nvim/runtime/lua/vim/health.lua
[18:44:12.716][info] [#0:script/workspace/loading.lua:101]: Preload file at: file:///home/rek/neovim/share/nvim/runtime/lua/vim/highlight.lua , size = 3.749 KB
[18:44:12.719][info] [#0:script/workspace/loading.lua:113]: ++++As library of:	file:///home/rek/neovim/share/nvim/runtime/lua
[18:44:12.719][info] [#0:script/workspace/loading.lua:98]: Skip loaded file: file:///home/rek/neovim/share/nvim/runtime/lua/vim/filetype.lua
[18:44:12.719][info] [#0:script/workspace/loading.lua:98]: Skip loaded file: file:///home/rek/neovim/share/nvim/runtime/lua/vim/highlight.lua
[18:44:12.719][info] [#0:script/workspace/loading.lua:101]: Preload file at: file:///home/rek/neovim/share/nvim/runtime/lua/vim/loader.lua , size = 15.990 KB
[18:44:12.733][info] [#0:script/workspace/loading.lua:113]: ++++As library of:	file:///home/rek/neovim/share/nvim/runtime/lua
[18:44:12.733][info] [#0:script/workspace/loading.lua:98]: Skip loaded file: file:///home/rek/neovim/share/nvim/runtime/lua/vim/loader.lua
[18:44:12.733][info] [#0:script/workspace/loading.lua:101]: Preload file at: file:///home/rek/neovim/share/nvim/runtime/lua/vim/lsp.lua , size = 82.409 KB
[18:44:12.782][info] [#0:script/workspace/loading.lua:113]: ++++As library of:	file:///home/rek/neovim/share/nvim/runtime/lua
[18:44:12.782][info] [#0:script/workspace/loading.lua:98]: Skip loaded file: file:///home/rek/neovim/share/nvim/runtime/lua/vim/lsp.lua
[18:44:12.782][info] [#0:script/workspace/loading.lua:101]: Preload file at: file:///home/rek/neovim/share/nvim/runtime/lua/vim/shared.lua , size = 22.392 KB
[18:44:12.800][info] [#0:script/workspace/loading.lua:113]: ++++As library of:	file:///home/rek/neovim/share/nvim/runtime/lua
[18:44:12.801][info] [#0:script/workspace/loading.lua:89]: Skip loaded file: file:///home/rek/neovim/share/nvim/runtime/lua/vim/shared.lua
[18:44:12.801][info] [#0:script/workspace/loading.lua:113]: ++++As library of:	file:///home/rek/neovim/share/nvim/runtime/lua
[18:44:12.801][info] [#0:script/workspace/loading.lua:101]: Preload file at: file:///home/rek/neovim/share/nvim/runtime/lua/vim/uri.lua , size = 3.376 KB
[18:44:12.804][info] [#0:script/workspace/loading.lua:113]: ++++As library of:	file:///home/rek/neovim/share/nvim/runtime/lua
[18:44:12.804][info] [#0:script/workspace/loading.lua:98]: Skip loaded file: file:///home/rek/neovim/share/nvim/runtime/lua/vim/uri.lua
[18:44:12.804][info] [#0:script/workspace/loading.lua:101]: Preload file at: file:///home/rek/neovim/share/nvim/runtime/lua/editorconfig.lua , size = 6.716 KB
[18:44:12.810][info] [#0:script/workspace/loading.lua:113]: ++++As library of:	file:///home/rek/neovim/share/nvim/runtime/lua
[18:44:12.810][info] [#0:script/workspace/loading.lua:98]: Skip loaded file: file:///home/rek/neovim/share/nvim/runtime/lua/editorconfig.lua
[18:44:12.810][info] [#0:script/workspace/loading.lua:101]: Preload file at: file:///home/rek/neovim/share/nvim/runtime/lua/man.lua , size = 24.703 KB
[18:44:12.829][info] [#0:script/workspace/loading.lua:113]: ++++As library of:	file:///home/rek/neovim/share/nvim/runtime/lua
[18:44:12.829][info] [#0:script/workspace/loading.lua:101]: Preload file at: file:///home/rek/workspace/nvim-collection/nvim/mason/packages/lua-language-server/libexec/meta/LuaJIT%20en-us%20utf8/coroutine.lua , size = 2.524 KB
[18:44:12.832][info] [#0:script/workspace/loading.lua:113]: ++++As library of:	file:///home/rek/workspace/nvim-collection/nvim/mason/packages/lua-language-server/libexec/meta/LuaJIT%20en-us%20utf8/coroutine.lua
[18:44:12.832][info] [#0:script/workspace/loading.lua:98]: Skip loaded file: file:///home/rek/workspace/nvim-collection/nvim/mason/packages/lua-language-server/libexec/meta/LuaJIT%20en-us%20utf8/coroutine.lua
[18:44:12.832][info] [#0:script/workspace/loading.lua:98]: Skip loaded file: file:///home/rek/neovim/share/nvim/runtime/lua/man.lua
[18:44:12.832][info] [#0:script/workspace/loading.lua:101]: Preload file at: file:///home/rek/workspace/nvim-collection/nvim/mason/packages/lua-language-server/libexec/meta/LuaJIT%20en-us%20utf8/bit.lua , size = 1.320 KB
[18:44:12.834][info] [#0:script/workspace/loading.lua:113]: ++++As library of:	file:///home/rek/workspace/nvim-collection/nvim/mason/packages/lua-language-server/libexec/meta/LuaJIT%20en-us%20utf8/bit.lua
[18:44:12.834][info] [#0:script/workspace/loading.lua:98]: Skip loaded file: file:///home/rek/workspace/nvim-collection/nvim/mason/packages/lua-language-server/libexec/meta/LuaJIT%20en-us%20utf8/bit.lua
[18:44:12.834][info] [#0:script/workspace/loading.lua:101]: Preload file at: file:///home/rek/workspace/nvim-collection/nvim/mason/packages/lua-language-server/libexec/meta/LuaJIT%20en-us%20utf8/math.lua , size = 8.133 KB
[18:44:12.841][info] [#0:script/workspace/loading.lua:113]: ++++As library of:	file:///home/rek/workspace/nvim-collection/nvim/mason/packages/lua-language-server/libexec/meta/LuaJIT%20en-us%20utf8/math.lua
[18:44:12.841][info] [#0:script/workspace/loading.lua:89]: Skip loaded file: file:///home/rek/workspace/nvim-collection/nvim/mason/packages/lua-language-server/libexec/meta/LuaJIT%20en-us%20utf8/math.lua
[18:44:12.841][info] [#0:script/workspace/loading.lua:113]: ++++As library of:	file:///home/rek/workspace/nvim-collection/nvim/mason/packages/lua-language-server/libexec/meta/LuaJIT%20en-us%20utf8/math.lua
[18:44:12.841][info] [#0:script/workspace/loading.lua:101]: Preload file at: file:///home/rek/workspace/nvim-collection/nvim/mason/packages/lua-language-server/libexec/meta/LuaJIT%20en-us%20utf8/table/new.lua , size = 0.642 KB
[18:44:12.842][info] [#0:script/workspace/loading.lua:113]: ++++As library of:	file:///home/rek/workspace/nvim-collection/nvim/mason/packages/lua-language-server/libexec/meta/LuaJIT%20en-us%20utf8/table/new.lua
[18:44:12.842][info] [#0:script/workspace/loading.lua:98]: Skip loaded file: file:///home/rek/workspace/nvim-collection/nvim/mason/packages/lua-language-server/libexec/meta/LuaJIT%20en-us%20utf8/table/new.lua
[18:44:12.842][info] [#0:script/workspace/loading.lua:101]: Preload file at: file:///home/rek/workspace/nvim-collection/nvim/mason/packages/lua-language-server/libexec/meta/LuaJIT%20en-us%20utf8/io.lua , size = 6.364 KB
[18:44:12.847][info] [#0:script/workspace/loading.lua:113]: ++++As library of:	file:///home/rek/workspace/nvim-collection/nvim/mason/packages/lua-language-server/libexec/meta/LuaJIT%20en-us%20utf8/io.lua
[18:44:12.847][info] [#0:script/workspace/loading.lua:89]: Skip loaded file: file:///home/rek/workspace/nvim-collection/nvim/mason/packages/lua-language-server/libexec/meta/LuaJIT%20en-us%20utf8/io.lua
[18:44:12.847][info] [#0:script/workspace/loading.lua:113]: ++++As library of:	file:///home/rek/workspace/nvim-collection/nvim/mason/packages/lua-language-server/libexec/meta/LuaJIT%20en-us%20utf8/io.lua
[18:44:12.847][info] [#0:script/workspace/loading.lua:101]: Preload file at: file:///home/rek/workspace/nvim-collection/nvim/mason/packages/lua-language-server/libexec/meta/LuaJIT%20en-us%20utf8/jit.lua , size = 0.683 KB
[18:44:12.849][info] [#0:script/workspace/loading.lua:113]: ++++As library of:	file:///home/rek/workspace/nvim-collection/nvim/mason/packages/lua-language-server/libexec/meta/LuaJIT%20en-us%20utf8/jit.lua
[18:44:12.849][info] [#0:script/workspace/loading.lua:98]: Skip loaded file: file:///home/rek/workspace/nvim-collection/nvim/mason/packages/lua-language-server/libexec/meta/LuaJIT%20en-us%20utf8/jit.lua
[18:44:12.849][info] [#0:script/workspace/loading.lua:101]: Preload file at: file:///home/rek/workspace/nvim-collection/nvim/mason/packages/lua-language-server/libexec/meta/LuaJIT%20en-us%20utf8/debug.lua , size = 7.310 KB
[18:44:12.855][info] [#0:script/workspace/loading.lua:113]: ++++As library of:	file:///home/rek/workspace/nvim-collection/nvim/mason/packages/lua-language-server/libexec/meta/LuaJIT%20en-us%20utf8/debug.lua
[18:44:12.855][info] [#0:script/workspace/loading.lua:89]: Skip loaded file: file:///home/rek/workspace/nvim-collection/nvim/mason/packages/lua-language-server/libexec/meta/LuaJIT%20en-us%20utf8/debug.lua
[18:44:12.855][info] [#0:script/workspace/loading.lua:113]: ++++As library of:	file:///home/rek/workspace/nvim-collection/nvim/mason/packages/lua-language-server/libexec/meta/LuaJIT%20en-us%20utf8/debug.lua
[18:44:12.855][info] [#0:script/workspace/loading.lua:101]: Preload file at: file:///home/rek/workspace/nvim-collection/nvim/mason/packages/lua-language-server/libexec/meta/LuaJIT%20en-us%20utf8/string/buffer.lua , size = 18.123 KB
[18:44:12.901][info] [#0:script/workspace/loading.lua:113]: ++++As library of:	file:///home/rek/workspace/nvim-collection/nvim/mason/packages/lua-language-server/libexec/meta/LuaJIT%20en-us%20utf8/string/buffer.lua
[18:44:12.901][info] [#0:script/workspace/loading.lua:98]: Skip loaded file: file:///home/rek/workspace/nvim-collection/nvim/mason/packages/lua-language-server/libexec/meta/LuaJIT%20en-us%20utf8/string/buffer.lua
[18:44:12.901][info] [#0:script/workspace/loading.lua:101]: Preload file at: file:///home/rek/workspace/nvim-collection/nvim/mason/packages/lua-language-server/libexec/meta/LuaJIT%20en-us%20utf8/string.lua , size = 6.284 KB
[18:44:12.906][info] [#0:script/workspace/loading.lua:113]: ++++As library of:	file:///home/rek/workspace/nvim-collection/nvim/mason/packages/lua-language-server/libexec/meta/LuaJIT%20en-us%20utf8/string.lua
[18:44:12.906][info] [#0:script/workspace/loading.lua:98]: Skip loaded file: file:///home/rek/workspace/nvim-collection/nvim/mason/packages/lua-language-server/libexec/meta/LuaJIT%20en-us%20utf8/string.lua
[18:44:12.907][info] [#0:script/workspace/loading.lua:101]: Preload file at: file:///home/rek/workspace/nvim-collection/nvim/mason/packages/lua-language-server/libexec/meta/LuaJIT%20en-us%20utf8/ffi.lua , size = 2.529 KB
[18:44:12.910][info] [#0:script/workspace/loading.lua:113]: ++++As library of:	file:///home/rek/workspace/nvim-collection/nvim/mason/packages/lua-language-server/libexec/meta/LuaJIT%20en-us%20utf8/ffi.lua
[18:44:12.910][info] [#0:script/workspace/loading.lua:89]: Skip loaded file: file:///home/rek/workspace/nvim-collection/nvim/mason/packages/lua-language-server/libexec/meta/LuaJIT%20en-us%20utf8/ffi.lua
[18:44:12.910][info] [#0:script/workspace/loading.lua:113]: ++++As library of:	file:///home/rek/workspace/nvim-collection/nvim/mason/packages/lua-language-server/libexec/meta/LuaJIT%20en-us%20utf8/ffi.lua
[18:44:12.911][info] [#0:script/workspace/loading.lua:101]: Preload file at: file:///home/rek/workspace/nvim-collection/nvim/mason/packages/lua-language-server/libexec/meta/LuaJIT%20en-us%20utf8/builtin.lua , size = 0.302 KB
[18:44:12.912][info] [#0:script/workspace/loading.lua:113]: ++++As library of:	file:///home/rek/workspace/nvim-collection/nvim/mason/packages/lua-language-server/libexec/meta/LuaJIT%20en-us%20utf8/builtin.lua
[18:44:12.912][info] [#0:script/workspace/loading.lua:98]: Skip loaded file: file:///home/rek/workspace/nvim-collection/nvim/mason/packages/lua-language-server/libexec/meta/LuaJIT%20en-us%20utf8/builtin.lua
[18:44:12.912][info] [#0:script/workspace/loading.lua:101]: Preload file at: file:///home/rek/workspace/nvim-collection/nvim/mason/packages/lua-language-server/libexec/meta/LuaJIT%20en-us%20utf8/table.lua , size = 4.230 KB
[18:44:12.915][info] [#0:script/workspace/loading.lua:113]: ++++As library of:	file:///home/rek/workspace/nvim-collection/nvim/mason/packages/lua-language-server/libexec/meta/LuaJIT%20en-us%20utf8/table.lua
[18:44:12.915][info] [#0:script/workspace/loading.lua:89]: Skip loaded file: file:///home/rek/workspace/nvim-collection/nvim/mason/packages/lua-language-server/libexec/meta/LuaJIT%20en-us%20utf8/table.lua
[18:44:12.915][info] [#0:script/workspace/loading.lua:113]: ++++As library of:	file:///home/rek/workspace/nvim-collection/nvim/mason/packages/lua-language-server/libexec/meta/LuaJIT%20en-us%20utf8/table.lua
[18:44:12.915][info] [#0:script/workspace/loading.lua:173]: Loaded files takes [0.788] sec: <fallback>
[18:44:12.915][info] [#0:script/workspace/loading.lua:182]: Compile files takes [0.000] sec: <fallback>
[18:44:12.915][info] [#0:script/workspace/loading.lua:183]: Loaded finish:	<fallback>
[18:44:12.915][info] [#0:script/workspace/workspace.lua:379]: Preload finish at:	<fallback>
[18:44:12.936][info] [#0:script/workspace/loading.lua:89]: Skip loaded file: file:///home/rek/workspace/nvim-collection/nvim/lua/rek/set.lua
[18:44:12.936][warn] [#0:script/proto/proto.lua:178]: Method [textDocument/didOpen] takes [0.873]sec. {
  jsonrpc = "2.0",
  method = "textDocument/didOpen",
  params = {
    textDocument = {
      languageId = "lua",
      text = '"***"',
      uri = "file:///home/rek/workspace/nvim-collection/nvim/plugin/packer_compiled.lua",
      version = 0
    }
  }
}
[18:44:12.937][info] [#0:script/workspace/loading.lua:89]: Skip loaded file: file:///home/rek/workspace/nvim-collection/nvim/lua/rek/init.lua
[18:44:12.939][info] [#0:script/workspace/loading.lua:89]: Skip loaded file: file:///home/rek/workspace/nvim-collection/nvim/lua/rek/remap.lua
[18:44:12.941][info] [#0:script/workspace/loading.lua:89]: Skip loaded file: file:///home/rek/workspace/nvim-collection/nvim/lua/rek/packer.lua
[18:44:12.945][info] [#0:script/workspace/loading.lua:173]: Loaded files takes [0.817] sec: file:///home/rek/workspace/nvim-collection/nvim/lua/
[18:44:12.945][info] [#0:script/workspace/loading.lua:182]: Compile files takes [0.000] sec: file:///home/rek/workspace/nvim-collection/nvim/lua/
[18:44:12.945][info] [#0:script/workspace/loading.lua:183]: Loaded finish:	file:///home/rek/workspace/nvim-collection/nvim/lua/
[18:44:12.945][info] [#0:script/workspace/workspace.lua:379]: Preload finish at:	file:///home/rek/workspace/nvim-collection/nvim/lua/
[18:44:12.956][info] [#0:script/provider/diagnostic.lua:557]: Diagnostics scope [file:///home/rek/workspace/nvim-collection/nvim/lua/], files count:[71]
[18:44:12.964][warn] [#0:script/proto/proto.lua:178]: Method [textDocument/semanticTokens/full] takes [0.847]sec. {
  id = 8,
  jsonrpc = "2.0",
  method = "textDocument/semanticTokens/full",
  params = {
    textDocument = {
      uri = "file:///home/rek/workspace/nvim-collection/nvim/plugin/packer_compiled.lua"
    }
  }
}
[18:44:12.993][info] [#0:script/provider/diagnostic.lua:574]: Diagnostics scope [file:///home/rek/workspace/nvim-collection/nvim/lua/] finished, takes [0.037] sec.
[18:44:27.075][info] [#0:script/provider/provider.lua:169]: Server shutdown.
[18:44:27.075][warn] [#0:script/pub/report.lua:25]: Load proto error:	Disconnected!
